<?xml version="1.0" encoding="utf-8"?><testsuites name="pytest tests"><testsuite name="pytest" errors="0" failures="0" skipped="0" tests="6" time="0.784" timestamp="2026-06-21T09:45:39.797745+00:00" hostname="agent-env-938a0075-ccbf-4486-bfe8-54cf7b58dc8a"><testcase classname="backend.tests.test_inheritance_calculator.TestInheritanceCalculatorDirect" name="test_wife_plus_4_daughters_radd" time="0.000" /><testcase classname="backend.tests.test_inheritance_calculator.TestInheritanceCalculatorDirect" name="test_husband_mother_daughter_radd" time="0.000" /><testcase classname="backend.tests.test_inheritance_calculator.TestInheritanceCalculatorDirect" name="test_wife_son_two_daughters_tasseeb" time="0.000" /><testcase classname="backend.tests.test_inheritance_calculator.TestCalculateBeneficiariesAPI" name="test_endpoint_returns_new_fields" time="0.478" /><testcase classname="backend.tests.test_inheritance_calculator.TestCalculateBeneficiariesAPI" name="test_endpoint_tasseeb_case" time="0.127" /><testcase classname="backend.tests.test_inheritance_calculator.TestCalculateBeneficiariesAPI" name="test_endpoint_invalid_total" time="0.101" /></testsuite></testsuites>